Starting file watcher for auto-commits...
Press Ctrl+C to stop
No changes to commit
No changes to commit
No changes to commit
No changes to commit
No changes to commit
No changes to commit
No changes to commit
No changes to commit
To https://github.com/hundredjack/originalConfigexample.git
   b36aabe..5e8ba52  main -> main
Post-commit hook executed successfully
[main 5e8ba52] Auto-commit: Sat Apr 26 20:56:36 CEST 2025
 3 files changed, 599 insertions(+), 8 deletions(-)
 create mode 100644 auto-commit.log
Everything up-to-date
Changes committed successfully with message: Auto-commit: Sat Apr 26 20:56:36 CEST 2025
To https://github.com/hundredjack/originalConfigexample.git
   5e8ba52..d8b739d  main -> main
Post-commit hook executed successfully
[main d8b739d] Auto-commit: Sat Apr 26 20:57:08 CEST 2025
 2 files changed, 17 insertions(+), 1 deletion(-)
Everything up-to-date
Changes committed successfully with message: Auto-commit: Sat Apr 26 20:57:08 CEST 2025
To https://github.com/hundredjack/originalConfigexample.git
   d8b739d..9296adf  main -> main
Post-commit hook executed successfully
[main 9296adf] Auto-commit: Sat Apr 26 20:57:39 CEST 2025
 2 files changed, 25 insertions(+), 5 deletions(-)
Everything up-to-date
Changes committed successfully with message: Auto-commit: Sat Apr 26 20:57:39 CEST 2025
To https://github.com/hundredjack/originalConfigexample.git
   9296adf..7f14c61  main -> main
Post-commit hook executed successfully
[main 7f14c61] Auto-commit: Sat Apr 26 20:58:11 CEST 2025
 4 files changed, 190 insertions(+), 2 deletions(-)
Everything up-to-date
Changes committed successfully with message: Auto-commit: Sat Apr 26 20:58:11 CEST 2025
To https://github.com/hundredjack/originalConfigexample.git
   7f14c61..0ded665  main -> main
Post-commit hook executed successfully
[main 0ded665] Auto-commit: Sat Apr 26 20:58:42 CEST 2025
 1 file changed, 10 insertions(+)
Everything up-to-date
Changes committed successfully with message: Auto-commit: Sat Apr 26 20:58:42 CEST 2025
To https://github.com/hundredjack/originalConfigexample.git
   0ded665..b6ed730  main -> main
Post-commit hook executed successfully
[main b6ed730] Auto-commit: Sat Apr 26 20:59:14 CEST 2025
 1 file changed, 10 insertions(+)
Everything up-to-date
Changes committed successfully with message: Auto-commit: Sat Apr 26 20:59:14 CEST 2025
To https://github.com/hundredjack/originalConfigexample.git
   b6ed730..ebc38e4  main -> main
Post-commit hook executed successfully
[main ebc38e4] Auto-commit: Sat Apr 26 20:59:46 CEST 2025
 1 file changed, 10 insertions(+)
Everything up-to-date
Changes committed successfully with message: Auto-commit: Sat Apr 26 20:59:46 CEST 2025
To https://github.com/hundredjack/originalConfigexample.git
   ebc38e4..533a944  main -> main
Post-commit hook executed successfully
[main 533a944] Auto-commit: Sat Apr 26 21:00:17 CEST 2025
 1 file changed, 10 insertions(+)
Everything up-to-date
Changes committed successfully with message: Auto-commit: Sat Apr 26 21:00:17 CEST 2025
To https://github.com/hundredjack/originalConfigexample.git
   533a944..3506f66  main -> main
Post-commit hook executed successfully
[main 3506f66] Auto-commit: Sat Apr 26 21:00:49 CEST 2025
 1 file changed, 10 insertions(+)
Everything up-to-date
Changes committed successfully with message: Auto-commit: Sat Apr 26 21:00:49 CEST 2025
To https://github.com/hundredjack/originalConfigexample.git
   3506f66..3369e79  main -> main
Post-commit hook executed successfully
[main 3369e79] Auto-commit: Sat Apr 26 21:01:20 CEST 2025
 1 file changed, 10 insertions(+)
Everything up-to-date
Changes committed successfully with message: Auto-commit: Sat Apr 26 21:01:20 CEST 2025
To https://github.com/hundredjack/originalConfigexample.git
   3369e79..f9de315  main -> main
Post-commit hook executed successfully
[main f9de315] Auto-commit: Sat Apr 26 21:01:52 CEST 2025
 1 file changed, 10 insertions(+)
Everything up-to-date
Changes committed successfully with message: Auto-commit: Sat Apr 26 21:01:52 CEST 2025
To https://github.com/hundredjack/originalConfigexample.git
   f9de315..e6142aa  main -> main
Post-commit hook executed successfully
[main e6142aa] Auto-commit: Sat Apr 26 21:02:24 CEST 2025
 2 files changed, 42 insertions(+), 22 deletions(-)
Everything up-to-date
Changes committed successfully with message: Auto-commit: Sat Apr 26 21:02:24 CEST 2025
To https://github.com/hundredjack/originalConfigexample.git
   e6142aa..708172c  main -> main
Post-commit hook executed successfully
[main 708172c] Auto-commit: Sat Apr 26 21:02:55 CEST 2025
 2 files changed, 92 insertions(+), 79 deletions(-)
Everything up-to-date
Changes committed successfully with message: Auto-commit: Sat Apr 26 21:02:55 CEST 2025
To https://github.com/hundredjack/originalConfigexample.git
   708172c..23d9e08  main -> main
Post-commit hook executed successfully
[main 23d9e08] Auto-commit: Sat Apr 26 21:03:27 CEST 2025
 1 file changed, 10 insertions(+)
Everything up-to-date
Changes committed successfully with message: Auto-commit: Sat Apr 26 21:03:27 CEST 2025
To https://github.com/hundredjack/originalConfigexample.git
   23d9e08..5f2aeee  main -> main
Post-commit hook executed successfully
[main 5f2aeee] Auto-commit: Sat Apr 26 21:03:58 CEST 2025
 1 file changed, 10 insertions(+)
Everything up-to-date
Changes committed successfully with message: Auto-commit: Sat Apr 26 21:03:58 CEST 2025
To https://github.com/hundredjack/originalConfigexample.git
   5f2aeee..dc5a02a  main -> main
Post-commit hook executed successfully
[main dc5a02a] Auto-commit: Sat Apr 26 21:04:30 CEST 2025
 1 file changed, 10 insertions(+)
Everything up-to-date
Changes committed successfully with message: Auto-commit: Sat Apr 26 21:04:30 CEST 2025
To https://github.com/hundredjack/originalConfigexample.git
   dc5a02a..b1420d1  main -> main
Post-commit hook executed successfully
[main b1420d1] Auto-commit: Sat Apr 26 21:05:02 CEST 2025
 1 file changed, 10 insertions(+)
Everything up-to-date
Changes committed successfully with message: Auto-commit: Sat Apr 26 21:05:02 CEST 2025
To https://github.com/hundredjack/originalConfigexample.git
   b1420d1..52cae30  main -> main
Post-commit hook executed successfully
[main 52cae30] Auto-commit: Sat Apr 26 21:05:33 CEST 2025
 1 file changed, 10 insertions(+)
Everything up-to-date
Changes committed successfully with message: Auto-commit: Sat Apr 26 21:05:33 CEST 2025
To https://github.com/hundredjack/originalConfigexample.git
   52cae30..7f475cc  main -> main
Post-commit hook executed successfully
[main 7f475cc] Auto-commit: Sat Apr 26 21:06:05 CEST 2025
 6 files changed, 32 insertions(+), 228 deletions(-)
Everything up-to-date
Changes committed successfully with message: Auto-commit: Sat Apr 26 21:06:05 CEST 2025
To https://github.com/hundredjack/originalConfigexample.git
   7f475cc..7608f85  main -> main
Post-commit hook executed successfully
[main 7608f85] Auto-commit: Sat Apr 26 21:06:37 CEST 2025
 1 file changed, 10 insertions(+)
Everything up-to-date
Changes committed successfully with message: Auto-commit: Sat Apr 26 21:06:37 CEST 2025
To https://github.com/hundredjack/originalConfigexample.git
   7608f85..5ff842b  main -> main
Post-commit hook executed successfully
[main 5ff842b] Auto-commit: Sat Apr 26 21:07:08 CEST 2025
 1 file changed, 10 insertions(+)
Everything up-to-date
Changes committed successfully with message: Auto-commit: Sat Apr 26 21:07:08 CEST 2025
To https://github.com/hundredjack/originalConfigexample.git
   5ff842b..2fe1c93  main -> main
Post-commit hook executed successfully
[main 2fe1c93] Auto-commit: Sat Apr 26 21:07:40 CEST 2025
 3 files changed, 18 insertions(+), 3 deletions(-)
Everything up-to-date
Changes committed successfully with message: Auto-commit: Sat Apr 26 21:07:40 CEST 2025
To https://github.com/hundredjack/originalConfigexample.git
   2fe1c93..b177905  main -> main
Post-commit hook executed successfully
[main b177905] Auto-commit: Sat Apr 26 21:08:12 CEST 2025
 3 files changed, 159 insertions(+)
 create mode 100644 src/ImageControls.js
 create mode 100644 src/ImageUploader.js
Everything up-to-date
Changes committed successfully with message: Auto-commit: Sat Apr 26 21:08:12 CEST 2025
To https://github.com/hundredjack/originalConfigexample.git
   b177905..50d2040  main -> main
Post-commit hook executed successfully
[main 50d2040] Auto-commit: Sat Apr 26 21:08:43 CEST 2025
 2 files changed, 57 insertions(+), 8 deletions(-)
Everything up-to-date
Changes committed successfully with message: Auto-commit: Sat Apr 26 21:08:43 CEST 2025
To https://github.com/hundredjack/originalConfigexample.git
   50d2040..c395647  main -> main
Post-commit hook executed successfully
[main c395647] Auto-commit: Sat Apr 26 21:09:15 CEST 2025
 3 files changed, 62 insertions(+), 1 deletion(-)
Everything up-to-date
Changes committed successfully with message: Auto-commit: Sat Apr 26 21:09:15 CEST 2025
To https://github.com/hundredjack/originalConfigexample.git
   c395647..0937e78  main -> main
Post-commit hook executed successfully
[main 0937e78] Auto-commit: Sat Apr 26 21:09:47 CEST 2025
 2 files changed, 12 insertions(+)
Everything up-to-date
Changes committed successfully with message: Auto-commit: Sat Apr 26 21:09:47 CEST 2025
To https://github.com/hundredjack/originalConfigexample.git
   0937e78..94cb5b1  main -> main
Post-commit hook executed successfully
[main 94cb5b1] Auto-commit: Sat Apr 26 21:10:18 CEST 2025
 1 file changed, 10 insertions(+)
Everything up-to-date
Changes committed successfully with message: Auto-commit: Sat Apr 26 21:10:18 CEST 2025
To https://github.com/hundredjack/originalConfigexample.git
   94cb5b1..d3e0484  main -> main
Post-commit hook executed successfully
[main d3e0484] Auto-commit: Sat Apr 26 21:10:50 CEST 2025
 1 file changed, 10 insertions(+)
Everything up-to-date
Changes committed successfully with message: Auto-commit: Sat Apr 26 21:10:50 CEST 2025
To https://github.com/hundredjack/originalConfigexample.git
   d3e0484..76bf87f  main -> main
Post-commit hook executed successfully
[main 76bf87f] Auto-commit: Sat Apr 26 21:11:22 CEST 2025
 1 file changed, 10 insertions(+)
Everything up-to-date
Changes committed successfully with message: Auto-commit: Sat Apr 26 21:11:22 CEST 2025
To https://github.com/hundredjack/originalConfigexample.git
   76bf87f..971b920  main -> main
Post-commit hook executed successfully
[main 971b920] Auto-commit: Sat Apr 26 21:11:54 CEST 2025
 1 file changed, 10 insertions(+)
Everything up-to-date
Changes committed successfully with message: Auto-commit: Sat Apr 26 21:11:54 CEST 2025
To https://github.com/hundredjack/originalConfigexample.git
   971b920..9858bd3  main -> main
Post-commit hook executed successfully
[main 9858bd3] Auto-commit: Sat Apr 26 21:12:25 CEST 2025
 2 files changed, 20 insertions(+), 6 deletions(-)
Everything up-to-date
Changes committed successfully with message: Auto-commit: Sat Apr 26 21:12:25 CEST 2025
